<?xml version="1.0" encoding="UTF-8"?>
<testng-results ignored="0" total="3" passed="2" failed="1" skipped="0">
  <reporter-output>
  </reporter-output>
  <suite started-at="2024-06-21T21:44:13 IST" name="AutomationSuite" finished-at="2024-06-21T21:44:49 IST" duration-ms="35087">
    <groups>
      <group name="cucumber">
        <method signature="AbstractTestNGCucumberTests.runScenario(io.cucumber.testng.PickleWrapper,io.cucumber.testng.FeatureWrapper)[pri:0, instance:runners.TestRunner@1ed1993a]" name="runScenario" class="io.cucumber.testng.AbstractTestNGCucumberTests"/>
      </group> <!-- cucumber -->
    </groups>
    <test started-at="2024-06-21T21:44:13 IST" name="AmazonTests" finished-at="2024-06-21T21:44:49 IST" duration-ms="35087">
      <class name="runners.TestRunner">
        <test-method is-config="true" signature="setUpClass()[pri:0, instance:runners.TestRunner@1ed1993a]" started-at="2024-06-21T21:44:13 IST" name="setUpClass" finished-at="2024-06-21T21:44:14 IST" duration-ms="308" status="PASS">
          <reporter-output>
          </reporter-output>
        </test-method> <!-- setUpClass -->
        <test-method signature="runScenario(io.cucumber.testng.PickleWrapper,io.cucumber.testng.FeatureWrapper)[pri:0, instance:runners.TestRunner@1ed1993a]" started-at="2024-06-21T21:44:14 IST" name="runScenario" description="Runs Cucumber Scenarios" data-provider="scenarios" finished-at="2024-06-21T21:44:41 IST" duration-ms="26971" status="FAIL">
          <params>
            <param index="0">
              <value>
                <![CDATA["Adding a Laptop item in the cart and verifying subtotal"]]>
              </value>
            </param>
            <param index="1">
              <value>
                <![CDATA["Optional[Add item to cart and verify price and subtotal]"]]>
              </value>
            </param>
          </params>
          <exception class="org.openqa.selenium.TimeoutException">
            <message>
              <![CDATA[Expected condition failed: waiting for element to be clickable: By.xpath: //span[@class='a-price-whole'] (tried for 10 second(s) with 500 milliseconds interval)
Build info: version: '4.10.0', revision: 'c14d967899'
System info: os.name: 'Mac OS X', os.arch: 'x86_64', os.version: '10.15.5', java.version: '15.0.1'
Driver info: org.openqa.selenium.chrome.ChromeDriver
Capabilities {acceptInsecureCerts: false, browserName: chrome, browserVersion: 126.0.6478.115, chrome: {chromedriverVersion: 126.0.6478.63 (df799988fdc9..., userDataDir: /var/folders/r6/s_117cds1qj...}, fedcm:accounts: true, goog:chromeOptions: {debuggerAddress: localhost:57922}, networkConnectionEnabled: false, pageLoadStrategy: normal, platformName: mac, proxy: Proxy(), se:cdp: ws://localhost:57922/devtoo..., se:cdpVersion: 126.0.6478.115, setWindowRect: true, strictFileInteractability: false, timeouts: {implicit: 0, pageLoad: 300000, script: 30000}, unhandledPromptBehavior: dismiss and notify, webauthn:extension:credBlob: true, webauthn:extension:largeBlob: true, webauthn:extension:minPinLength: true, webauthn:extension:prf: true, webauthn:virtualAuthenticators: true}
Session ID: 66539584e2d4afeb7e486eb61bf97125]]>
            </message>
            <full-stacktrace>
              <![CDATA[org.openqa.selenium.TimeoutException: Expected condition failed: waiting for element to be clickable: By.xpath: //span[@class='a-price-whole'] (tried for 10 second(s) with 500 milliseconds interval)
Build info: version: '4.10.0', revision: 'c14d967899'
System info: os.name: 'Mac OS X', os.arch: 'x86_64', os.version: '10.15.5', java.version: '15.0.1'
Driver info: org.openqa.selenium.chrome.ChromeDriver
Capabilities {acceptInsecureCerts: false, browserName: chrome, browserVersion: 126.0.6478.115, chrome: {chromedriverVersion: 126.0.6478.63 (df799988fdc9..., userDataDir: /var/folders/r6/s_117cds1qj...}, fedcm:accounts: true, goog:chromeOptions: {debuggerAddress: localhost:57922}, networkConnectionEnabled: false, pageLoadStrategy: normal, platformName: mac, proxy: Proxy(), se:cdp: ws://localhost:57922/devtoo..., se:cdpVersion: 126.0.6478.115, setWindowRect: true, strictFileInteractability: false, timeouts: {implicit: 0, pageLoad: 300000, script: 30000}, unhandledPromptBehavior: dismiss and notify, webauthn:extension:credBlob: true, webauthn:extension:largeBlob: true, webauthn:extension:minPinLength: true, webauthn:extension:prf: true, webauthn:virtualAuthenticators: true}
Session ID: 66539584e2d4afeb7e486eb61bf97125
at org.openqa.selenium.support.ui.WebDriverWait.timeoutException(WebDriverWait.java:84)
at org.openqa.selenium.support.ui.FluentWait.until(FluentWait.java:230)
at utils.WaitUtils.waitForElementToBeClickable(WaitUtils.java:17)
at steps.AddItemToCartSteps.selectItemFromList(AddItemToCartSteps.java:153)
at steps.AddItemToCartSteps.iSelectTheSecondItemInTheList(AddItemToCartSteps.java:133)
at ✽.I select the second item in the list(file:///Users/deeptha.naik/Downloads/ZyoinUiAutomation/src/test/resources/features/AddItemToCart.feature:16)
]]>
            </full-stacktrace>
          </exception> <!-- org.openqa.selenium.TimeoutException -->
          <reporter-output>
          </reporter-output>
        </test-method> <!-- runScenario -->
        <test-method signature="runScenario(io.cucumber.testng.PickleWrapper,io.cucumber.testng.FeatureWrapper)[pri:0, instance:runners.TestRunner@1ed1993a]" started-at="2024-06-21T21:44:14 IST" name="runScenario" description="Runs Cucumber Scenarios" data-provider="scenarios" finished-at="2024-06-21T21:44:38 IST" duration-ms="24052" status="PASS">
          <params>
            <param index="0">
              <value>
                <![CDATA["Adding a Monitor item in the cart and verifying subtotal"]]>
              </value>
            </param>
            <param index="1">
              <value>
                <![CDATA["Optional[Add item to cart and verify price and subtotal]"]]>
              </value>
            </param>
          </params>
          <reporter-output>
          </reporter-output>
        </test-method> <!-- runScenario -->
        <test-method signature="runScenario(io.cucumber.testng.PickleWrapper,io.cucumber.testng.FeatureWrapper)[pri:0, instance:runners.TestRunner@1ed1993a]" started-at="2024-06-21T21:44:14 IST" name="runScenario" description="Runs Cucumber Scenarios" data-provider="scenarios" finished-at="2024-06-21T21:44:48 IST" duration-ms="34718" status="PASS">
          <params>
            <param index="0">
              <value>
                <![CDATA["Adding two items in the cart and verifying subtotal"]]>
              </value>
            </param>
            <param index="1">
              <value>
                <![CDATA["Optional[Add item to cart and verify price and subtotal]"]]>
              </value>
            </param>
          </params>
          <reporter-output>
          </reporter-output>
        </test-method> <!-- runScenario -->
        <test-method is-config="true" signature="tearDownClass()[pri:0, instance:runners.TestRunner@1ed1993a]" started-at="2024-06-21T21:44:48 IST" name="tearDownClass" finished-at="2024-06-21T21:44:49 IST" duration-ms="35" status="PASS">
          <reporter-output>
          </reporter-output>
        </test-method> <!-- tearDownClass -->
      </class> <!-- runners.TestRunner -->
    </test> <!-- AmazonTests -->
  </suite> <!-- AutomationSuite -->
</testng-results>
