<?xml version="1.0" encoding="UTF-8"?>
<testsuite xmlns:xsi="http://www.w3.org/2001/XMLSchema-instance" xsi:noNamespaceSchemaLocation="https://maven.apache.org/surefire/maven-surefire-plugin/xsd/surefire-test-report-3.0.xsd" version="3.0" name="TestSuite" time="35.485" tests="3" errors="0" skipped="0" failures="1">
  <properties>
[...]
</properties>
  <testcase name="runScenario[&quot;Adding a Monitor item in the cart and verifying subtotal&quot;, &quot;Optional[Add item to cart and verify price and subtotal]&quot;](1)" classname="runners.TestRunner" time="24.105">
    <system-out><![CDATA[
Scenario: Adding two items in the cart and verifying subtotal &amp#27;[90m# src/test/resources/features/AddItemToCart.feature:22&amp#27;[0m

Scenario: Adding a Laptop item in the cart and verifying subtotal              &amp#27;[90m# src/test/resources/features/AddItemToCart.feature:13&amp#27;[0m

Scenario: Adding a Monitor item in the cart and verifying subtotal &amp#27;[90m# src/test/resources/features/AddItemToCart.feature:3&amp#27;[0m
2024-06-21 21:44:17 INFO  steps.AddItemToCartSteps - Navigating to URL: https://www.amazon.in
2024-06-21 21:44:17 INFO  steps.AddItemToCartSteps - Navigating to URL: https://www.amazon.in
  &amp#27;[32mGiven &amp#27;[0m&amp#27;[32mI open Amazon website&amp#27;[0m                                      &amp#27;[90m# steps.AddItemToCartSteps.iOpenAmazonWebsite()&amp#27;[0m
  &amp#27;[32mGiven &amp#27;[0m&amp#27;[32mI open Amazon website&amp#27;[0m                                 &amp#27;[90m# steps.AddItemToCartSteps.iOpenAmazonWebsite()&amp#27;[0m
  &amp#27;[32mWhen &amp#27;[0m&amp#27;[32mI search for &amp#27;[0m&amp#27;[32m&amp#27;[1m"Monitor"&amp#27;[0m                                      &amp#27;[90m# steps.AddItemToCartSteps.iSearchFor(java.lang.String)&amp#27;[0m
2024-06-21 21:44:22 INFO  steps.AddItemToCartSteps - Navigating to URL: https://www.amazon.in
2024-06-21 21:44:22 INFO  steps.AddItemToCartSteps - Selected the first item in the list
2024-06-21 21:44:22 INFO  steps.AddItemToCartSteps - Switched to new window: 79D6606F284500408921091CB7C07CDA
  &amp#27;[32mWhen &amp#27;[0m&amp#27;[32mI search for &amp#27;[0m&amp#27;[32m&amp#27;[1m"Headphones"&amp#27;[0m                              &amp#27;[90m# steps.AddItemToCartSteps.iSearchFor(java.lang.String)&amp#27;[0m
2024-06-21 21:44:22 INFO  steps.AddItemToCartSteps - Selected the first item in the list
2024-06-21 21:44:22 INFO  steps.AddItemToCartSteps - Switched to new window: 1715E2830491BFF4F2ACEC44942D8781
  &amp#27;[32mGiven &amp#27;[0m&amp#27;[32mI open Amazon website&amp#27;[0m                                                  &amp#27;[90m# steps.AddItemToCartSteps.iOpenAmazonWebsite()&amp#27;[0m
2024-06-21 21:44:28 INFO  steps.AddItemToCartSteps - Product price: 1,399
[1399]
  &amp#27;[32mAnd &amp#27;[0m&amp#27;[32mI select the first item in the list&amp#27;[0m                     &amp#27;[90m# steps.AddItemToCartSteps.iSelectTheFirstItemInTheList()&amp#27;[0m
2024-06-21 21:44:28 INFO  steps.AddItemToCartSteps - Product price: 14,999
[14999]
  &amp#27;[32mAnd &amp#27;[0m&amp#27;[32mI select the first item in the list&amp#27;[0m                          &amp#27;[90m# steps.AddItemToCartSteps.iSelectTheFirstItemInTheList()&amp#27;[0m
  &amp#27;[32mWhen &amp#27;[0m&amp#27;[32mI search for &amp#27;[0m&amp#27;[32m&amp#27;[1m"Laptop"&amp#27;[0m                                                   &amp#27;[90m# steps.AddItemToCartSteps.iSearchFor(java.lang.String)&amp#27;[0m
2024-06-21 21:44:29 INFO  steps.AddItemToCartSteps - Selected the first item in the list
2024-06-21 21:44:29 INFO  steps.AddItemToCartSteps - Switched to new window: DD90FACC629D10699DAAC8FF623B6750
  &amp#27;[32mAnd &amp#27;[0m&amp#27;[32mI add the item to cart&amp#27;[0m                                  &amp#27;[90m# steps.AddItemToCartSteps.iAddTheItemToCart()&amp#27;[0m
  &amp#27;[32mAnd &amp#27;[0m&amp#27;[32mI add the item to cart&amp#27;[0m                                       &amp#27;[90m# steps.AddItemToCartSteps.iAddTheItemToCart()&amp#27;[0m
2024-06-21 21:44:33 INFO  steps.AddItemToCartSteps - Switched back to the original window: D037CFF02651575A2DF5EB85DEF34604
  &amp#27;[32mWhen &amp#27;[0m&amp#27;[32mI switch to original window&amp#27;[0m                            &amp#27;[90m# steps.AddItemToCartSteps.i_switch_to_original_window()&amp#27;[0m
  &amp#27;[32mWhen &amp#27;[0m&amp#27;[32mI search for &amp#27;[0m&amp#27;[32m&amp#27;[1m"Keyboard"&amp#27;[0m                                &amp#27;[90m# steps.AddItemToCartSteps.iSearchFor(java.lang.String)&amp#27;[0m
2024-06-21 21:44:36 INFO  steps.AddItemToCartSteps - Selected the first item in the list
2024-06-21 21:44:36 INFO  steps.AddItemToCartSteps - Switched to new window: BF38FD391D3571BA052A04E1A61747AA
2024-06-21 21:44:37 INFO  steps.AddItemToCartSteps - Opened the cart
  &amp#27;[32mAnd &amp#27;[0m&amp#27;[32mI open the cart&amp#27;[0m                                              &amp#27;[90m# steps.AddItemToCartSteps.iOpenTheCart()&amp#27;[0m
2024-06-21 21:44:37 INFO  steps.AddItemToCartSteps - Verified that the price is identical to the product page
  &amp#27;[32mThen &amp#27;[0m&amp#27;[32mI verify that the price is identical to the product page&amp#27;[0m    &amp#27;[90m# steps.AddItemToCartSteps.iVerifyThatThePriceIsIdenticalToTheProductPage()&amp#27;[0m
2024-06-21 21:44:37 INFO  steps.AddItemToCartSteps - Tear down: Closing the browser
2024-06-21 21:44:38 INFO  steps.AddItemToCartSteps - Browser closed successfully
  &amp#27;[32mThen &amp#27;[0m&amp#27;[32mI close the browser&amp#27;[0m                                         &amp#27;[90m# steps.AddItemToCartSteps.iCloseTheBrowser()&amp#27;[0m
2024-06-21 21:44:38 INFO  steps.AddItemToCartSteps - Tear down: Closing the browser
2024-06-21 21:44:38 INFO  steps.AddItemToCartSteps - Browser closed successfully
]]></system-out>
    <system-err><![CDATA[Jun 21, 2024 9:44:14 PM org.openqa.selenium.remote.service.DriverService$Builder getLogOutput
INFO: Driver logs no longer sent to console by default; https://www.selenium.dev/documentation/webdriver/drivers/service/#setting-log-output
Jun 21, 2024 9:44:14 PM org.openqa.selenium.remote.service.DriverService$Builder getLogOutput
INFO: Driver logs no longer sent to console by default; https://www.selenium.dev/documentation/webdriver/drivers/service/#setting-log-output
Jun 21, 2024 9:44:14 PM org.openqa.selenium.remote.service.DriverService$Builder getLogOutput
INFO: Driver logs no longer sent to console by default; https://www.selenium.dev/documentation/webdriver/drivers/service/#setting-log-output
Jun 21, 2024 9:44:17 PM org.openqa.selenium.devtools.CdpVersionFinder findNearestMatch
WARNING: Unable to find CDP implementation matching 126
Jun 21, 2024 9:44:17 PM org.openqa.selenium.devtools.CdpVersionFinder findNearestMatch
WARNING: Unable to find CDP implementation matching 126
Jun 21, 2024 9:44:17 PM org.openqa.selenium.chromium.ChromiumDriver lambda$new$4
WARNING: Unable to find version of CDP to use for . You may need to include a dependency on a specific version of the CDP using something similar to `org.seleniumhq.selenium:selenium-devtools-v86:4.10.0` where the version ("v86") matches the version of the chromium-based browser you're using and the version number of the artifact is the same as Selenium's.
Jun 21, 2024 9:44:17 PM org.openqa.selenium.chromium.ChromiumDriver lambda$new$4
WARNING: Unable to find version of CDP to use for . You may need to include a dependency on a specific version of the CDP using something similar to `org.seleniumhq.selenium:selenium-devtools-v86:4.10.0` where the version ("v86") matches the version of the chromium-based browser you're using and the version number of the artifact is the same as Selenium's.
Jun 21, 2024 9:44:22 PM org.openqa.selenium.devtools.CdpVersionFinder findNearestMatch
WARNING: Unable to find CDP implementation matching 126
Jun 21, 2024 9:44:22 PM org.openqa.selenium.chromium.ChromiumDriver lambda$new$4
WARNING: Unable to find version of CDP to use for . You may need to include a dependency on a specific version of the CDP using something similar to `org.seleniumhq.selenium:selenium-devtools-v86:4.10.0` where the version ("v86") matches the version of the chromium-based browser you're using and the version number of the artifact is the same as Selenium's.
]]></system-err>
  </testcase>
  <testcase name="runScenario[&quot;Adding a Laptop item in the cart and verifying subtotal&quot;, &quot;Optional[Add item to cart and verify price and subtotal]&quot;](2)" classname="runners.TestRunner" time="26.982">
    <failure message="Expected condition failed: waiting for element to be clickable: By.xpath: //span[@class=&apos;a-price-whole&apos;] (tried for 10 second(s) with 500 milliseconds interval)&#10;Build info: version: &apos;4.10.0&apos;, revision: &apos;c14d967899&apos;&#10;System info: os.name: &apos;Mac OS X&apos;, os.arch: &apos;x86_64&apos;, os.version: &apos;10.15.5&apos;, java.version: &apos;15.0.1&apos;&#10;Driver info: org.openqa.selenium.chrome.ChromeDriver&#10;Capabilities {acceptInsecureCerts: false, browserName: chrome, browserVersion: 126.0.6478.115, chrome: {chromedriverVersion: 126.0.6478.63 (df799988fdc9..., userDataDir: /var/folders/r6/s_117cds1qj...}, fedcm:accounts: true, goog:chromeOptions: {debuggerAddress: localhost:57922}, networkConnectionEnabled: false, pageLoadStrategy: normal, platformName: mac, proxy: Proxy(), se:cdp: ws://localhost:57922/devtoo..., se:cdpVersion: 126.0.6478.115, setWindowRect: true, strictFileInteractability: false, timeouts: {implicit: 0, pageLoad: 300000, script: 30000}, unhandledPromptBehavior: dismiss and notify, webauthn:extension:credBlob: true, webauthn:extension:largeBlob: true, webauthn:extension:minPinLength: true, webauthn:extension:prf: true, webauthn:virtualAuthenticators: true}&#10;Session ID: 66539584e2d4afeb7e486eb61bf97125" type="org.openqa.selenium.TimeoutException"><![CDATA[org.openqa.selenium.TimeoutException: 
Expected condition failed: waiting for element to be clickable: By.xpath: //span[@class='a-price-whole'] (tried for 10 second(s) with 500 milliseconds interval)
Build info: version: '4.10.0', revision: 'c14d967899'
System info: os.name: 'Mac OS X', os.arch: 'x86_64', os.version: '10.15.5', java.version: '15.0.1'
Driver info: org.openqa.selenium.chrome.ChromeDriver
Capabilities {acceptInsecureCerts: false, browserName: chrome, browserVersion: 126.0.6478.115, chrome: {chromedriverVersion: 126.0.6478.63 (df799988fdc9..., userDataDir: /var/folders/r6/s_117cds1qj...}, fedcm:accounts: true, goog:chromeOptions: {debuggerAddress: localhost:57922}, networkConnectionEnabled: false, pageLoadStrategy: normal, platformName: mac, proxy: Proxy(), se:cdp: ws://localhost:57922/devtoo..., se:cdpVersion: 126.0.6478.115, setWindowRect: true, strictFileInteractability: false, timeouts: {implicit: 0, pageLoad: 300000, script: 30000}, unhandledPromptBehavior: dismiss and notify, webauthn:extension:credBlob: true, webauthn:extension:largeBlob: true, webauthn:extension:minPinLength: true, webauthn:extension:prf: true, webauthn:virtualAuthenticators: true}
Session ID: 66539584e2d4afeb7e486eb61bf97125
]]></failure>
    <system-out><![CDATA[  &amp#27;[31mAnd &amp#27;[0m&amp#27;[31mI select the second item in the list&amp#27;[0m                                     &amp#27;[90m# steps.AddItemToCartSteps.iSelectTheSecondItemInTheList()&amp#27;[0m
      &amp#27;[31morg.openqa.selenium.TimeoutException: Expected condition failed: waiting for element to be clickable: By.xpath: //span[@class='a-price-whole'] (tried for 10 second(s) with 500 milliseconds interval)
Build info: version: '4.10.0', revision: 'c14d967899'
System info: os.name: 'Mac OS X', os.arch: 'x86_64', os.version: '10.15.5', java.version: '15.0.1'
Driver info: org.openqa.selenium.chrome.ChromeDriver
Capabilities {acceptInsecureCerts: false, browserName: chrome, browserVersion: 126.0.6478.115, chrome: {chromedriverVersion: 126.0.6478.63 (df799988fdc9..., userDataDir: /var/folders/r6/s_117cds1qj...}, fedcm:accounts: true, goog:chromeOptions: {debuggerAddress: localhost:57922}, networkConnectionEnabled: false, pageLoadStrategy: normal, platformName: mac, proxy: Proxy(), se:cdp: ws://localhost:57922/devtoo..., se:cdpVersion: 126.0.6478.115, setWindowRect: true, strictFileInteractability: false, timeouts: {implicit: 0, pageLoad: 300000, script: 30000}, unhandledPromptBehavior: dismiss and notify, webauthn:extension:credBlob: true, webauthn:extension:largeBlob: true, webauthn:extension:minPinLength: true, webauthn:extension:prf: true, webauthn:virtualAuthenticators: true}
Session ID: 66539584e2d4afeb7e486eb61bf97125
	at org.openqa.selenium.support.ui.WebDriverWait.timeoutException(WebDriverWait.java:84)
	at org.openqa.selenium.support.ui.FluentWait.until(FluentWait.java:230)
	at utils.WaitUtils.waitForElementToBeClickable(WaitUtils.java:17)
	at steps.AddItemToCartSteps.selectItemFromList(AddItemToCartSteps.java:153)
	at steps.AddItemToCartSteps.iSelectTheSecondItemInTheList(AddItemToCartSteps.java:133)
	at ���.I select the second item in the list(file:///Users/deeptha.naik/Downloads/ZyoinUiAutomation/src/test/resources/features/AddItemToCart.feature:16)
&amp#27;[0m
  &amp#27;[36mAnd &amp#27;[0m&amp#27;[36mI add the item to cart&amp#27;[0m                                                   &amp#27;[90m# steps.AddItemToCartSteps.iAddTheItemToCart()&amp#27;[0m
  &amp#27;[36mAnd &amp#27;[0m&amp#27;[36mI open the cart&amp#27;[0m                                                          &amp#27;[90m# steps.AddItemToCartSteps.iOpenTheCart()&amp#27;[0m
  &amp#27;[36mThen &amp#27;[0m&amp#27;[36mI verify that the second product price is identical to the product page&amp#27;[0m &amp#27;[90m# steps.AddItemToCartSteps.iVerifyThatThesecondPriceIsIdenticalToTheProductPage()&amp#27;[0m
  &amp#27;[36mThen &amp#27;[0m&amp#27;[36mI close the browser&amp#27;[0m                                                     &amp#27;[90m# steps.AddItemToCartSteps.iCloseTheBrowser()&amp#27;[0m
2024-06-21 21:44:40 INFO  steps.AddItemToCartSteps - Tear down: Closing the browser
2024-06-21 21:44:41 INFO  steps.AddItemToCartSteps - Browser closed successfully
]]></system-out>
  </testcase>
  <testcase name="runScenario[&quot;Adding two items in the cart and verifying subtotal&quot;, &quot;Optional[Add item to cart and verify price and subtotal]&quot;](3)" classname="runners.TestRunner" time="34.721">
    <system-out><![CDATA[2024-06-21 21:44:41 INFO  steps.AddItemToCartSteps - Product price: 599
[1399, 599]
  &amp#27;[32mAnd &amp#27;[0m&amp#27;[32mI select the first item in the list&amp#27;[0m                     &amp#27;[90m# steps.AddItemToCartSteps.iSelectTheFirstItemInTheList()&amp#27;[0m
  &amp#27;[32mAnd &amp#27;[0m&amp#27;[32mI add the item to cart&amp#27;[0m                                  &amp#27;[90m# steps.AddItemToCartSteps.iAddTheItemToCart()&amp#27;[0m
2024-06-21 21:44:48 INFO  steps.AddItemToCartSteps - Opened the cart
  &amp#27;[32mAnd &amp#27;[0m&amp#27;[32mI open the cart&amp#27;[0m                                         &amp#27;[90m# steps.AddItemToCartSteps.iOpenTheCart()&amp#27;[0m
  &amp#27;[32mThen &amp#27;[0m&amp#27;[32mI verify each item's total price is correct&amp#27;[0m            &amp#27;[90m# steps.AddItemToCartSteps.i_verify_each_item_s_total_price_is_correct()&amp#27;[0m
  &amp#27;[32mAnd &amp#27;[0m&amp#27;[32mI verify that the subtotal is calculated correctly&amp#27;[0m      &amp#27;[90m# steps.AddItemToCartSteps.i_verify_that_the_subtotal_is_calculated_correctly()&amp#27;[0m
2024-06-21 21:44:48 INFO  steps.AddItemToCartSteps - Tear down: Closing the browser
2024-06-21 21:44:48 INFO  steps.AddItemToCartSteps - Browser closed successfully
  &amp#27;[32mThen &amp#27;[0m&amp#27;[32mI close the browser&amp#27;[0m                                    &amp#27;[90m# steps.AddItemToCartSteps.iCloseTheBrowser()&amp#27;[0m
2024-06-21 21:44:48 INFO  steps.AddItemToCartSteps - Tear down: Closing the browser
2024-06-21 21:44:48 INFO  steps.AddItemToCartSteps - Browser closed successfully
]]></system-out>
  </testcase>
</testsuite>